<?xml version="1.0" encoding="UTF-8"?>
<!-- Generated by org.testng.reporters.JUnitReportReporter -->
<testsuite skipped="0" hostname="Mai-Fathy" name="linkedinTestCases.RegistrationPageTest" tests="15" failures="0" timestamp="29 Jun 2018 18:37:24 GMT" time="63.858" errors="1">
  <testcase name="Check_for_invalid_emails" time="1.871" classname="linkedinTestCases.RegistrationPageTest"/>
  <testcase name="UserCanRegisterSuccssfully" time="15.919" classname="linkedinTestCases.RegistrationPageTest"/>
  <testcase name="Check_for_invalid_emails" time="1.870" classname="linkedinTestCases.RegistrationPageTest"/>
  <testcase name="Check_madatory_fildes" time="2.146" classname="linkedinTestCases.RegistrationPageTest"/>
  <testcase name="Check_for_invalid_password" time="1.890" classname="linkedinTestCases.RegistrationPageTest"/>
  <testcase name="Check_madatory_fildes" time="1.978" classname="linkedinTestCases.RegistrationPageTest"/>
  <testcase name="Check_for_invalid_emails" time="1.888" classname="linkedinTestCases.RegistrationPageTest"/>
  <testcase name="UserCanRegisterSuccssfully" time="8.656" classname="linkedinTestCases.RegistrationPageTest"/>
  <testcase name="Check_for_invalid_emails" time="1.883" classname="linkedinTestCases.RegistrationPageTest"/>
  <testcase name="Check_for_invalid_password" time="1.847" classname="linkedinTestCases.RegistrationPageTest"/>
  <testcase name="Check_madatory_fildes" time="1.874" classname="linkedinTestCases.RegistrationPageTest"/>
  <testcase name="UserCanRegisterSuccssfully" time="11.186" classname="linkedinTestCases.RegistrationPageTest">
    <error type="org.openqa.selenium.TimeoutException" message="Expected condition failed: waiting for presence of element located by: By.xpath: //*[@id=&quot;captcha-dialog&quot;]/iframe (tried for 10 second(s) with 500 MILLISECONDS interval)">
      <![CDATA[org.openqa.selenium.TimeoutException: Expected condition failed: waiting for presence of element located by: By.xpath: //*[@id="captcha-dialog"]/iframe (tried for 10 second(s) with 500 MILLISECONDS interval)
at org.openqa.selenium.support.ui.WebDriverWait.timeoutException(WebDriverWait.java:82)
at org.openqa.selenium.support.ui.FluentWait.until(FluentWait.java:231)
at linkedinPages.HomePage.EnterSecurityData(HomePage.java:37)
at linkedinTestCases.RegistrationPageTest.UserCanRegisterSuccssfully(RegistrationPageTest.java:29)
at sun.reflect.NativeMethodAccessorImpl.invoke0(Native Method)
at sun.reflect.NativeMethodAccessorImpl.invoke(Unknown Source)
at sun.reflect.DelegatingMethodAccessorImpl.invoke(Unknown Source)
at java.lang.reflect.Method.invoke(Unknown Source)
at org.testng.internal.MethodInvocationHelper.invokeMethod(MethodInvocationHelper.java:124)
at org.testng.internal.Invoker.invokeMethod(Invoker.java:580)
at org.testng.internal.Invoker.invokeTestMethod(Invoker.java:716)
at org.testng.internal.Invoker.invokeTestMethods(Invoker.java:988)
at org.testng.internal.TestMethodWorker.invokeTestMethods(TestMethodWorker.java:125)
at org.testng.internal.TestMethodWorker.run(TestMethodWorker.java:109)
at org.testng.TestRunner.privateRun(TestRunner.java:648)
at org.testng.TestRunner.run(TestRunner.java:505)
at org.testng.SuiteRunner.runTest(SuiteRunner.java:455)
at org.testng.SuiteRunner.runSequentially(SuiteRunner.java:450)
at org.testng.SuiteRunner.privateRun(SuiteRunner.java:415)
at org.testng.SuiteRunner.run(SuiteRunner.java:364)
at org.testng.SuiteRunnerWorker.runSuite(SuiteRunnerWorker.java:52)
at org.testng.SuiteRunnerWorker.run(SuiteRunnerWorker.java:84)
at org.testng.TestNG.runSuitesSequentially(TestNG.java:1208)
at org.testng.TestNG.runSuitesLocally(TestNG.java:1137)
at org.testng.TestNG.runSuites(TestNG.java:1049)
at org.testng.TestNG.run(TestNG.java:1017)
at org.testng.remote.AbstractRemoteTestNG.run(AbstractRemoteTestNG.java:114)
at org.testng.remote.RemoteTestNG.initAndRun(RemoteTestNG.java:251)
at org.testng.remote.RemoteTestNG.main(RemoteTestNG.java:77)
Caused by: org.openqa.selenium.NoSuchElementException: Cannot locate an element using By.xpath: //*[@id="captcha-dialog"]/iframe
For documentation on this error, please visit: http://seleniumhq.org/exceptions/no_such_element.html
Build info: version: '3.8.1', revision: '6e95a6684b', time: '2017-12-01T18:33:54.468Z'
System info: host: 'MAI-FATHY', ip: '10.10.106.179', os.name: 'Windows 10', os.arch: 'amd64', os.version: '10.0', java.version: '1.8.0_171'
Driver info: driver.version: unknown
at org.openqa.selenium.support.ui.ExpectedConditions.lambda$findElement$0(ExpectedConditions.java:882)
at java.util.Optional.orElseThrow(Unknown Source)
at org.openqa.selenium.support.ui.ExpectedConditions.findElement(ExpectedConditions.java:881)
at org.openqa.selenium.support.ui.ExpectedConditions.access$000(ExpectedConditions.java:43)
at org.openqa.selenium.support.ui.ExpectedConditions$6.apply(ExpectedConditions.java:182)
at org.openqa.selenium.support.ui.ExpectedConditions$6.apply(ExpectedConditions.java:179)
at org.openqa.selenium.support.ui.FluentWait.until(FluentWait.java:208)
... 27 more
]]>
    </error>
  </testcase> <!-- UserCanRegisterSuccssfully -->
  <testcase name="Check_for_invalid_emails" time="1.986" classname="linkedinTestCases.RegistrationPageTest"/>
  <testcase name="Check_for_invalid_emails" time="4.762" classname="linkedinTestCases.RegistrationPageTest"/>
  <testcase name="Check_madatory_fildes" time="4.102" classname="linkedinTestCases.RegistrationPageTest"/>
</testsuite> <!-- linkedinTestCases.RegistrationPageTest -->
